Using pre-set license
Built from '2020.3/staging' branch; Version is '2020.3.20f1 (41c4e627c95f) revision 4310246'; Using compiler version '192528614'; Build Type 'Release'
OS: 'Windows 10 Home; OS build 19043.1348; Version 2009; 64bit' Language: 'en' Physical Memory: 16314 MB
BatchMode: 1, IsHumanControllingUs: 0, StartBugReporterOnCrash: 0, Is64bit: 1, IsPro: 0

COMMAND LINE ARGUMENTS:
C:\Program Files\Unity\Hub\Editor\2020.3.20f1\Editor\Unity.exe
-adb2
-batchMode
-noUpm
-name
AssetImportWorker0
-projectPath
D:/Rnafi/Documents/GitHub/Team9MobileGameProject
-logFile
Logs/AssetImportWorker0.log
-srvPort
61365
Successfully changed project path to: D:/Rnafi/Documents/GitHub/Team9MobileGameProject
D:/Rnafi/Documents/GitHub/Team9MobileGameProject
Using Asset Import Pipeline V2.
Refreshing native plugins compatible for Editor in 31.83 ms, found 2 plugins.
Preloading 0 native plugins for Editor in 0.00 ms.
Initialize engine version: 2020.3.20f1 (41c4e627c95f)
[Subsystems] Discovering subsystems at path C:/Program Files/Unity/Hub/Editor/2020.3.20f1/Editor/Data/Resources/UnitySubsystems
[Subsystems] Discovering subsystems at path D:/Rnafi/Documents/GitHub/Team9MobileGameProject/Assets
GfxDevice: creating device client; threaded=0
Direct3D:
    Version:  Direct3D 11.0 [level 11.1]
    Renderer: Radeon RX 580 Series (ID=0x67df)
    Vendor:   
    VRAM:     8171 MB
    Driver:   27.20.22023.1004
Initialize mono
Mono path[0] = 'C:/Program Files/Unity/Hub/Editor/2020.3.20f1/Editor/Data/Managed'
Mono path[1] = 'C:/Program Files/Unity/Hub/Editor/2020.3.20f1/Editor/Data/MonoBleedingEdge/lib/mono/unityjit'
Mono config path = 'C:/Program Files/Unity/Hub/Editor/2020.3.20f1/Editor/Data/MonoBleedingEdge/etc'
Using monoOptions --debugger-agent=transport=dt_socket,embedding=1,server=y,suspend=n,address=127.0.0.1:56612
Begin MonoManager ReloadAssembly
Registering precompiled unity dll's ...
Register platform support module: C:/Program Files/Unity/Hub/Editor/2020.3.20f1/Editor/Data/PlaybackEngines/WindowsStandaloneSupport/UnityEditor.WindowsStandalone.Extensions.dll
Registered in 0.001827 seconds.
Native extension for WindowsStandalone target not found
Refreshing native plugins compatible for Editor in 27.82 ms, found 2 plugins.
Preloading 0 native plugins for Editor in 0.00 ms.
Mono: successfully reloaded assembly
- Completed reload, in  0.889 seconds
Domain Reload Profiling:
	ReloadAssembly (889ms)
		BeginReloadAssembly (44ms)
			ExecutionOrderSort (0ms)
			DisableScriptedObjects (0ms)
			BackupInstance (0ms)
			ReleaseScriptingObjects (0ms)
			CreateAndSetChildDomain (1ms)
		EndReloadAssembly (327ms)
			LoadAssemblies (42ms)
			RebuildTransferFunctionScriptingTraits (0ms)
			SetupTypeCache (120ms)
			ReleaseScriptCaches (0ms)
			RebuildScriptCaches (24ms)
			SetupLoadedEditorAssemblies (126ms)
				LogAssemblyErrors (0ms)
				InitializePlatformSupportModulesInManaged (3ms)
				SetLoadedEditorAssemblies (0ms)
				RefreshPlugins (28ms)
				BeforeProcessingInitializeOnLoad (13ms)
				ProcessInitializeOnLoadAttributes (61ms)
				ProcessInitializeOnLoadMethodAttributes (21ms)
				AfterProcessingInitializeOnLoad (0ms)
				EditorAssembliesLoaded (0ms)
			ExecutionOrderSort2 (0ms)
			AwakeInstancesAfterBackupRestoration (0ms)
Platform modules already initialized, skipping
Registering precompiled user dll's ...
Registered in 0.003105 seconds.
Begin MonoManager ReloadAssembly
Native extension for WindowsStandalone target not found
Refreshing native plugins compatible for Editor in 0.48 ms, found 2 plugins.
Preloading 0 native plugins for Editor in 0.00 ms.
Mono: successfully reloaded assembly
- Completed reload, in  0.813 seconds
Domain Reload Profiling:
	ReloadAssembly (814ms)
		BeginReloadAssembly (117ms)
			ExecutionOrderSort (0ms)
			DisableScriptedObjects (4ms)
			BackupInstance (0ms)
			ReleaseScriptingObjects (0ms)
			CreateAndSetChildDomain (14ms)
		EndReloadAssembly (644ms)
			LoadAssemblies (69ms)
			RebuildTransferFunctionScriptingTraits (0ms)
			SetupTypeCache (218ms)
			ReleaseScriptCaches (0ms)
			RebuildScriptCaches (34ms)
			SetupLoadedEditorAssemblies (246ms)
				LogAssemblyErrors (0ms)
				InitializePlatformSupportModulesInManaged (4ms)
				SetLoadedEditorAssemblies (0ms)
				RefreshPlugins (1ms)
				BeforeProcessingInitializeOnLoad (64ms)
				ProcessInitializeOnLoadAttributes (164ms)
				ProcessInitializeOnLoadMethodAttributes (7ms)
				AfterProcessingInitializeOnLoad (6ms)
				EditorAssembliesLoaded (0ms)
			ExecutionOrderSort2 (0ms)
			AwakeInstancesAfterBackupRestoration (5ms)
Platform modules already initialized, skipping
========================================================================
Worker process is ready to serve import requests
Launched and connected shader compiler UnityShaderCompiler.exe after 0.06 seconds
Refreshing native plugins compatible for Editor in 0.45 ms, found 2 plugins.
Preloading 0 native plugins for Editor in 0.00 ms.
Unloading 1607 Unused Serialized files (Serialized files now loaded: 0)
System memory in use before: 75.0 MB.
System memory in use after: 75.1 MB.

Unloading 32 unused Assets to reduce memory usage. Loaded Objects now: 2028.
Total: 2.583000 ms (FindLiveObjects: 0.150700 ms CreateObjectMapping: 0.035400 ms MarkObjects: 2.338100 ms  DeleteObjects: 0.058000 ms)

AssetImportParameters requested are different than current active one (requested -> active):
  custom:framework-win-MediaFoundation: 216162199b28c13a410421893ffa2e32 -> 
  custom:video-decoder-ogg-theora: a1e56fd34408186e4bbccfd4996cb3dc -> 
  custom:container-muxer-webm: aa71ff27fc2769a1b78a27578f13a17b -> 
  custom:container-demuxer-webm: 4f35f7cbe854078d1ac9338744f61a02 -> 
  custom:container-demuxer-ogg: 62fdf1f143b41e24485cea50d1cbac27 -> 
  custom:video-encoder-webm-vp8: eb34c28f22e8b96e1ab97ce403110664 -> 
  custom:video-decoder-webm-vp8: 9c59270c3fd7afecdb556c50c9e8de78 -> 
  custom:audio-decoder-ogg-vorbis: bf7c407c2cedff20999df2af8eb42d56 -> 
  custom:audio-encoder-webm-vorbis: bf7c407c2cedff20999df2af8eb42d56 -> 
========================================================================
Received Import Request.
  path: Assets/Scenes/DemoGameplay.unity
  artifactKey: Guid(9fc0d4010bbf28b4594072e72b8655ab) Importer(815301076,1909f56bfc062723c751e8b465ee728b)
Start importing Assets/Scenes/DemoGameplay.unity using Guid(9fc0d4010bbf28b4594072e72b8655ab) Importer(815301076,1909f56bfc062723c751e8b465ee728b)  -> (artifact id: '78ef97f04ea2f4ee7462add2d78a8f54') in 0.013201 seconds 
  Import took 0.015329 seconds .

========================================================================
Received Import Request.
  Time since last request: 89.451832 seconds.
  path: Assets/Scenes
  artifactKey: Guid(f7b66c42ee145314083f073e99178630) Importer(815301076,1909f56bfc062723c751e8b465ee728b)
Start importing Assets/Scenes using Guid(f7b66c42ee145314083f073e99178630) Importer(815301076,1909f56bfc062723c751e8b465ee728b)  -> (artifact id: '51602336e7d2d10a9dda8c438ed1d26b') in 0.006098 seconds 
  Import took 0.008359 seconds .

========================================================================
Received Import Request.
  Time since last request: 13.989946 seconds.
  path: Assets/Scenes/Main Menu.unity
  artifactKey: Guid(a641aff7108f74d46a6e83725f367943) Importer(815301076,1909f56bfc062723c751e8b465ee728b)
Start importing Assets/Scenes/Main Menu.unity using Guid(a641aff7108f74d46a6e83725f367943) Importer(815301076,1909f56bfc062723c751e8b465ee728b)  -> (artifact id: 'a5f34a0c4bd85bca9506957c938c6054') in 0.007487 seconds 
  Import took 0.009864 seconds .

========================================================================
Received Import Request.
  Time since last request: 128.056494 seconds.
  path: Assets/SimplePixelUI/artwork
  artifactKey: Guid(225de32f8fed06f4ca6486d89d08abe7) Importer(815301076,1909f56bfc062723c751e8b465ee728b)
Start importing Assets/SimplePixelUI/artwork using Guid(225de32f8fed06f4ca6486d89d08abe7) Importer(815301076,1909f56bfc062723c751e8b465ee728b)  -> (artifact id: 'e0ca776132d8dc999d0070bbb8618f0d') in 0.009352 seconds 
  Import took 0.011708 seconds .

========================================================================
Received Import Request.
  Time since last request: 2.605084 seconds.
  path: Assets/SimplePixelUI/artwork/colorCustomizible
  artifactKey: Guid(a28442795d3458b49a9b4c24c1f84af2) Importer(815301076,1909f56bfc062723c751e8b465ee728b)
Start importing Assets/SimplePixelUI/artwork/colorCustomizible using Guid(a28442795d3458b49a9b4c24c1f84af2) Importer(815301076,1909f56bfc062723c751e8b465ee728b)  -> (artifact id: '346b635edde6a75dd663e255e19b027c') in 0.006055 seconds 
  Import took 0.008298 seconds .

========================================================================
Received Import Request.
  Time since last request: 86.511411 seconds.
  path: Assets/SimplePixelUI/artwork/colorCustomizible/rounded
  artifactKey: Guid(a149011ad80bea04e8233471eb6fb357) Importer(815301076,1909f56bfc062723c751e8b465ee728b)
Start importing Assets/SimplePixelUI/artwork/colorCustomizible/rounded using Guid(a149011ad80bea04e8233471eb6fb357) Importer(815301076,1909f56bfc062723c751e8b465ee728b)  -> (artifact id: 'babf5aa283d2a0dc6a7bb0abb569f53a') in 0.006384 seconds 
  Import took 0.008563 seconds .

========================================================================
Received Import Request.
  Time since last request: 0.755553 seconds.
  path: Assets/SimplePixelUI/artwork/colorCustomizible/rounded/Background_CC_rounded.png
  artifactKey: Guid(8117ad03e7d28324f97b6eddfdcd1e1d) Importer(815301076,1909f56bfc062723c751e8b465ee728b)
Start importing Assets/SimplePixelUI/artwork/colorCustomizible/rounded/Background_CC_rounded.png using Guid(8117ad03e7d28324f97b6eddfdcd1e1d) Importer(815301076,1909f56bfc062723c751e8b465ee728b)  -> (artifact id: 'e8fdda5be35b3ea85d800139e6305975') in 0.086803 seconds 
  Import took 0.089158 seconds .

========================================================================
Received Import Request.
  Time since last request: 0.000175 seconds.
  path: Assets/SimplePixelUI/artwork/colorCustomizible/rounded/Slot3D_rounded_CC.png
  artifactKey: Guid(507d7869273b8054b8ca31e853b6b39c) Importer(815301076,1909f56bfc062723c751e8b465ee728b)
Start importing Assets/SimplePixelUI/artwork/colorCustomizible/rounded/Slot3D_rounded_CC.png using Guid(507d7869273b8054b8ca31e853b6b39c) Importer(815301076,1909f56bfc062723c751e8b465ee728b)  -> (artifact id: 'eeaa6ba5f8e20550d35e64710813e1de') in 0.011603 seconds 
  Import took 0.013638 seconds .

========================================================================
Received Import Request.
  Time since last request: 0.000160 seconds.
  path: Assets/SimplePixelUI/artwork/colorCustomizible/rounded/Slot_rounded_CC.png
  artifactKey: Guid(15a522d0e2dce05478bf9edcacc4297e) Importer(815301076,1909f56bfc062723c751e8b465ee728b)
Start importing Assets/SimplePixelUI/artwork/colorCustomizible/rounded/Slot_rounded_CC.png using Guid(15a522d0e2dce05478bf9edcacc4297e) Importer(815301076,1909f56bfc062723c751e8b465ee728b)  -> (artifact id: '6c4437ddcf0096558d9c7042cb6db4be') in 0.009392 seconds 
  Import took 0.011439 seconds .

========================================================================
Received Import Request.
  Time since last request: 0.000156 seconds.
  path: Assets/SimplePixelUI/artwork/colorCustomizible/rounded/border_Rounded_CC.png
  artifactKey: Guid(ff24c02cb4cb49e4785ad1a46df6a6b4) Importer(815301076,1909f56bfc062723c751e8b465ee728b)
Start importing Assets/SimplePixelUI/artwork/colorCustomizible/rounded/border_Rounded_CC.png using Guid(ff24c02cb4cb49e4785ad1a46df6a6b4) Importer(815301076,1909f56bfc062723c751e8b465ee728b)  -> (artifact id: 'cffabdad858b2a760884f1191eaf8a96') in 0.008908 seconds 
  Import took 0.010927 seconds .

========================================================================
Received Import Request.
  Time since last request: 0.000157 seconds.
  path: Assets/SimplePixelUI/artwork/colorCustomizible/rounded/bar_rounded_CC_Vertical.png
  artifactKey: Guid(8b583b44f41f3a5408af4c2b94fda721) Importer(815301076,1909f56bfc062723c751e8b465ee728b)
Start importing Assets/SimplePixelUI/artwork/colorCustomizible/rounded/bar_rounded_CC_Vertical.png using Guid(8b583b44f41f3a5408af4c2b94fda721) Importer(815301076,1909f56bfc062723c751e8b465ee728b)  -> (artifact id: '460ead1bccca50405b30913846ac17f9') in 0.011177 seconds 
  Import took 0.013259 seconds .

========================================================================
Received Import Request.
  Time since last request: 0.000153 seconds.
  path: Assets/SimplePixelUI/artwork/colorCustomizible/rounded/InputField_CC.png
  artifactKey: Guid(7554aabff725fdc419da6efe95d2adf6) Importer(815301076,1909f56bfc062723c751e8b465ee728b)
Start importing Assets/SimplePixelUI/artwork/colorCustomizible/rounded/InputField_CC.png using Guid(7554aabff725fdc419da6efe95d2adf6) Importer(815301076,1909f56bfc062723c751e8b465ee728b)  -> (artifact id: '82702a83d73ae528612ca65e3043f8fa') in 0.010220 seconds 
  Import took 0.012270 seconds .

========================================================================
Received Import Request.
  Time since last request: 0.000137 seconds.
  path: Assets/SimplePixelUI/artwork/colorCustomizible/rounded/bar_rounded_CC_horizontal.png
  artifactKey: Guid(ebe09f4a5655764478eb1eaf871ee9ab) Importer(815301076,1909f56bfc062723c751e8b465ee728b)
Start importing Assets/SimplePixelUI/artwork/colorCustomizible/rounded/bar_rounded_CC_horizontal.png using Guid(ebe09f4a5655764478eb1eaf871ee9ab) Importer(815301076,1909f56bfc062723c751e8b465ee728b)  -> (artifact id: '7b605cc181c6ed76ffe3e3b7faadc082') in 0.011997 seconds 
  Import took 0.014011 seconds .

========================================================================
Received Import Request.
  Time since last request: 110.792536 seconds.
  path: Assets/SimplePixelUI/fonts/Font1
  artifactKey: Guid(258bd7417d3eb4949b2976f26006b90b) Importer(815301076,1909f56bfc062723c751e8b465ee728b)
Start importing Assets/SimplePixelUI/fonts/Font1 using Guid(258bd7417d3eb4949b2976f26006b90b) Importer(815301076,1909f56bfc062723c751e8b465ee728b)  -> (artifact id: 'b7ed101e367fecb4a16227beacb2a584') in 0.004902 seconds 
  Import took 0.007102 seconds .

========================================================================
Received Import Request.
  Time since last request: 0.090837 seconds.
  path: Assets/SimplePixelUI/fonts/Font1/pixelfont.ttf
  artifactKey: Guid(b6349d08a5335cd4aa534282435d11cc) Importer(815301076,1909f56bfc062723c751e8b465ee728b)
Start importing Assets/SimplePixelUI/fonts/Font1/pixelfont.ttf using Guid(b6349d08a5335cd4aa534282435d11cc) Importer(815301076,1909f56bfc062723c751e8b465ee728b)  -> (artifact id: '7acccae7294dd669a4bc470e18ce8d87') in 0.050316 seconds 
  Import took 0.052756 seconds .

========================================================================
Received Import Request.
  Time since last request: 30.389252 seconds.
  path: Assets/TextMesh Pro/Resources/Fonts & Materials/LiberationSans SDF.asset
  artifactKey: Guid(8f586378b4e144a9851e7b34d9b748ee) Importer(815301076,1909f56bfc062723c751e8b465ee728b)
Start importing Assets/TextMesh Pro/Resources/Fonts & Materials/LiberationSans SDF.asset using Guid(8f586378b4e144a9851e7b34d9b748ee) Importer(815301076,1909f56bfc062723c751e8b465ee728b)  -> (artifact id: 'f8b7c8c3e3c9a45adbdca63c88707d17') in 0.050197 seconds 
  Import took 0.052712 seconds .

========================================================================
Received Import Request.
  Time since last request: 0.000147 seconds.
  path: Assets/TextMesh Pro/Resources/Fonts & Materials/LiberationSans SDF - Fallback.asset
  artifactKey: Guid(2e498d1c8094910479dc3e1b768306a4) Importer(815301076,1909f56bfc062723c751e8b465ee728b)
Start importing Assets/TextMesh Pro/Resources/Fonts & Materials/LiberationSans SDF - Fallback.asset using Guid(2e498d1c8094910479dc3e1b768306a4) Importer(815301076,1909f56bfc062723c751e8b465ee728b)  -> (artifact id: 'f0aa6729a0767473028e2db12c7d296d') in 0.016688 seconds 
  Import took 0.019020 seconds .

========================================================================
Received Import Request.
  Time since last request: 50.799051 seconds.
  path: Assets/SimplePixelUI/prefabs/Half_color_customizible
  artifactKey: Guid(54870c172e13fc14bb5b7c75cdebce71) Importer(815301076,1909f56bfc062723c751e8b465ee728b)
Start importing Assets/SimplePixelUI/prefabs/Half_color_customizible using Guid(54870c172e13fc14bb5b7c75cdebce71) Importer(815301076,1909f56bfc062723c751e8b465ee728b)  -> (artifact id: '72e38ebd943aa2ee9a2a0912f14dcbad') in 0.005027 seconds 
  Import took 0.007405 seconds .

========================================================================
Received Import Request.
  Time since last request: 2.296763 seconds.
  path: Assets/SimplePixelUI/fonts/Font2/pixelfont2.ttf
  artifactKey: Guid(a6dede01cb8e479429b8bc5253a2ad2f) Importer(815301076,1909f56bfc062723c751e8b465ee728b)
Start importing Assets/SimplePixelUI/fonts/Font2/pixelfont2.ttf using Guid(a6dede01cb8e479429b8bc5253a2ad2f) Importer(815301076,1909f56bfc062723c751e8b465ee728b)  -> (artifact id: 'ab8764a1ace91a3ae6dbb350083a736a') in 0.010619 seconds 
  Import took 0.013007 seconds .

========================================================================
Received Import Request.
  Time since last request: 7.332416 seconds.
  path: Assets/SimplePixelUI/fonts/Font2/readme.txt
  artifactKey: Guid(6dc5aebc2ecd35f418a13cabf69574d9) Importer(815301076,1909f56bfc062723c751e8b465ee728b)
Start importing Assets/SimplePixelUI/fonts/Font2/readme.txt using Guid(6dc5aebc2ecd35f418a13cabf69574d9) Importer(815301076,1909f56bfc062723c751e8b465ee728b)  -> (artifact id: 'f849957a6b17e9a67d497454deaff01b') in 0.008743 seconds 
  Import took 0.011026 seconds .

========================================================================
Received Import Request.
  Time since last request: 7.876415 seconds.
  path: Assets/SimplePixelUI/fonts/Font1/readme.txt
  artifactKey: Guid(8ccf3bb2b9f08364c8b25230f661bc80) Importer(815301076,1909f56bfc062723c751e8b465ee728b)
Start importing Assets/SimplePixelUI/fonts/Font1/readme.txt using Guid(8ccf3bb2b9f08364c8b25230f661bc80) Importer(815301076,1909f56bfc062723c751e8b465ee728b)  -> (artifact id: '2892c2e20d8e6b8943f044570e79d15b') in 0.002106 seconds 
  Import took 0.004332 seconds .

========================================================================
Received Import Request.
  Time since last request: 0.665618 seconds.
  path: Assets/SimplePixelUI/fonts/Font1/license.txt
  artifactKey: Guid(4880c10f3e217bc41b2e82a577bcd5fa) Importer(815301076,1909f56bfc062723c751e8b465ee728b)
Start importing Assets/SimplePixelUI/fonts/Font1/license.txt using Guid(4880c10f3e217bc41b2e82a577bcd5fa) Importer(815301076,1909f56bfc062723c751e8b465ee728b)  -> (artifact id: 'e25adab75b8c9992e4299d51ef7346f1') in 0.006051 seconds 
  Import took 0.008310 seconds .

========================================================================
Received Import Request.
  Time since last request: 16.806561 seconds.
  path: Assets/TextMesh Pro/Fonts/LiberationSans.ttf
  artifactKey: Guid(e3265ab4bf004d28a9537516768c1c75) Importer(815301076,1909f56bfc062723c751e8b465ee728b)
Start importing Assets/TextMesh Pro/Fonts/LiberationSans.ttf using Guid(e3265ab4bf004d28a9537516768c1c75) Importer(815301076,1909f56bfc062723c751e8b465ee728b)  -> (artifact id: 'cec1587b7129bde4b287cc77833a66ca') in 0.011252 seconds 
  Import took 0.013832 seconds .

========================================================================
Received Import Request.
  Time since last request: 92.463193 seconds.
  path: Assets/TextMesh Pro/Resources/Fonts & Materials/LiberationSans SDF - Drop Shadow.mat
  artifactKey: Guid(e73a58f6e2794ae7b1b7e50b7fb811b0) Importer(815301076,1909f56bfc062723c751e8b465ee728b)
Start importing Assets/TextMesh Pro/Resources/Fonts & Materials/LiberationSans SDF - Drop Shadow.mat using Guid(e73a58f6e2794ae7b1b7e50b7fb811b0) Importer(815301076,1909f56bfc062723c751e8b465ee728b)  -> (artifact id: '482a362b8fe5ce36b302051eaf90a735') in 0.078824 seconds 
  Import took 0.081497 seconds .

========================================================================
Received Import Request.
  Time since last request: 0.000128 seconds.
  path: Assets/TextMesh Pro/Resources/Fonts & Materials/LiberationSans SDF - Outline.mat
  artifactKey: Guid(79459efec17a4d00a321bdcc27bbc385) Importer(815301076,1909f56bfc062723c751e8b465ee728b)
Start importing Assets/TextMesh Pro/Resources/Fonts & Materials/LiberationSans SDF - Outline.mat using Guid(79459efec17a4d00a321bdcc27bbc385) Importer(815301076,1909f56bfc062723c751e8b465ee728b)  -> (artifact id: '73bfc51c5222557aa47c55c3d1b82acd') in 0.057930 seconds 
  Import took 0.060087 seconds .

========================================================================
Received Import Request.
  Time since last request: 0.000154 seconds.
  path: Assets/Materials/MatteRed.mat
  artifactKey: Guid(c5102cbff87e795468c9bd7609509535) Importer(815301076,1909f56bfc062723c751e8b465ee728b)
Start importing Assets/Materials/MatteRed.mat using Guid(c5102cbff87e795468c9bd7609509535) Importer(815301076,1909f56bfc062723c751e8b465ee728b)  -> (artifact id: '958dbbf7f61e4ee326941d92c8e9d5fd') in 0.049311 seconds 
  Import took 0.051399 seconds .

========================================================================
Received Import Request.
  Time since last request: 0.000156 seconds.
  path: Assets/Materials/MatteWhite.mat
  artifactKey: Guid(379c0fe24fefa0848b6f14004a7bfff4) Importer(815301076,1909f56bfc062723c751e8b465ee728b)
Start importing Assets/Materials/MatteWhite.mat using Guid(379c0fe24fefa0848b6f14004a7bfff4) Importer(815301076,1909f56bfc062723c751e8b465ee728b)  -> (artifact id: 'ba3b938906df4164166be72730cd90e9') in 0.187650 seconds 
  Import took 0.189738 seconds .

========================================================================
Received Import Request.
  Time since last request: 0.000147 seconds.
  path: Assets/Materials/MatteBlack.mat
  artifactKey: Guid(6243252a454d8394bb94be3f35514237) Importer(815301076,1909f56bfc062723c751e8b465ee728b)
Start importing Assets/Materials/MatteBlack.mat using Guid(6243252a454d8394bb94be3f35514237) Importer(815301076,1909f56bfc062723c751e8b465ee728b)  -> (artifact id: '5431b22091599c9db656bded260fa85a') in 0.009174 seconds 
  Import took 0.011292 seconds .

========================================================================
Received Import Request.
  Time since last request: 0.000197 seconds.
  path: Assets/Materials/MatteYellow.mat
  artifactKey: Guid(0708234d16d1b05409dbc8c7aee244ce) Importer(815301076,1909f56bfc062723c751e8b465ee728b)
Start importing Assets/Materials/MatteYellow.mat using Guid(0708234d16d1b05409dbc8c7aee244ce) Importer(815301076,1909f56bfc062723c751e8b465ee728b)  -> (artifact id: 'f5527048f6716cc12ba1eba8a52547ed') in 0.009595 seconds 
  Import took 0.012031 seconds .

========================================================================
Received Import Request.
  Time since last request: 166.942902 seconds.
  path: Assets/SimplePixelUI/artwork/colorCustomizible/rounded/buttons
  artifactKey: Guid(53f838e5818bfe54db4332fe8f0c9b8d) Importer(815301076,1909f56bfc062723c751e8b465ee728b)
Start importing Assets/SimplePixelUI/artwork/colorCustomizible/rounded/buttons using Guid(53f838e5818bfe54db4332fe8f0c9b8d) Importer(815301076,1909f56bfc062723c751e8b465ee728b)  -> (artifact id: 'c0ae688d6f334f58b90792991a37e8ba') in 0.005156 seconds 
  Import took 0.007450 seconds .

========================================================================
Received Import Request.
  Time since last request: 0.085193 seconds.
  path: Assets/SimplePixelUI/artwork/colorCustomizible/rounded/buttons/button2_rounded_CC.png
  artifactKey: Guid(145f9f42fbe978947a25b213c84e7c2b) Importer(815301076,1909f56bfc062723c751e8b465ee728b)
Start importing Assets/SimplePixelUI/artwork/colorCustomizible/rounded/buttons/button2_rounded_CC.png using Guid(145f9f42fbe978947a25b213c84e7c2b) Importer(815301076,1909f56bfc062723c751e8b465ee728b)  -> (artifact id: 'f5b4345b98b2c7701ba2aed391891f25') in 0.009225 seconds 
  Import took 0.011532 seconds .

========================================================================
Received Import Request.
  Time since last request: 0.000165 seconds.
  path: Assets/SimplePixelUI/artwork/colorCustomizible/rounded/buttons/button_rounded_CC.png
  artifactKey: Guid(434fa6af2ca63ad4ba4ea00b9270653b) Importer(815301076,1909f56bfc062723c751e8b465ee728b)
Start importing Assets/SimplePixelUI/artwork/colorCustomizible/rounded/buttons/button_rounded_CC.png using Guid(434fa6af2ca63ad4ba4ea00b9270653b) Importer(815301076,1909f56bfc062723c751e8b465ee728b)  -> (artifact id: 'b76e4a4240fc63c4776cfb62d5535cc9') in 0.010368 seconds 
  Import took 0.012437 seconds .

========================================================================
Received Import Request.
  Time since last request: 403.383314 seconds.
  path: Assets/SimplePixelUI/artwork/halfcustomizible/rounded/Slot3D_rounded_HCC.png
  artifactKey: Guid(e9f6aafb7c1ac98418d3b3877065d261) Importer(815301076,1909f56bfc062723c751e8b465ee728b)
Start importing Assets/SimplePixelUI/artwork/halfcustomizible/rounded/Slot3D_rounded_HCC.png using Guid(e9f6aafb7c1ac98418d3b3877065d261) Importer(815301076,1909f56bfc062723c751e8b465ee728b)  -> (artifact id: 'cf3f16ade0dbd2b00c79a1e7e5e134fc') in 0.010109 seconds 
  Import took 0.012810 seconds .

========================================================================
Received Import Request.
  Time since last request: 0.000165 seconds.
  path: Assets/SimplePixelUI/artwork/halfcustomizible/rounded/Slot_rounded_HCC.png
  artifactKey: Guid(b99133ea3fb2c3f47be0f31b292daf4a) Importer(815301076,1909f56bfc062723c751e8b465ee728b)
Start importing Assets/SimplePixelUI/artwork/halfcustomizible/rounded/Slot_rounded_HCC.png using Guid(b99133ea3fb2c3f47be0f31b292daf4a) Importer(815301076,1909f56bfc062723c751e8b465ee728b)  -> (artifact id: '66a0e81e04ce5fb4ae351712c7bd9a8a') in 0.008767 seconds 
  Import took 0.010806 seconds .

========================================================================
Received Import Request.
  Time since last request: 0.000160 seconds.
  path: Assets/SimplePixelUI/artwork/gray/rounded/Slot_rounded_GB.png
  artifactKey: Guid(43494bcd9c7153843a6d268fc1a2d2a6) Importer(815301076,1909f56bfc062723c751e8b465ee728b)
Start importing Assets/SimplePixelUI/artwork/gray/rounded/Slot_rounded_GB.png using Guid(43494bcd9c7153843a6d268fc1a2d2a6) Importer(815301076,1909f56bfc062723c751e8b465ee728b)  -> (artifact id: '18cbb4183914ecb626e397ed2830b157') in 0.008010 seconds 
  Import took 0.010181 seconds .

========================================================================
Received Import Request.
  Time since last request: 0.957692 seconds.
  path: Assets/SimplePixelUI/artwork/gray/square/slot3D.png
  artifactKey: Guid(ab03c476b4151f543989da24826e87c7) Importer(815301076,1909f56bfc062723c751e8b465ee728b)
Start importing Assets/SimplePixelUI/artwork/gray/square/slot3D.png using Guid(ab03c476b4151f543989da24826e87c7) Importer(815301076,1909f56bfc062723c751e8b465ee728b)  -> (artifact id: 'f57db427f1430102e0f197adb1d181c5') in 0.008041 seconds 
  Import took 0.010338 seconds .

========================================================================
Received Import Request.
  Time since last request: 0.000164 seconds.
  path: Assets/SimplePixelUI/artwork/gray/rounded/Slot3D_rounded_GB.png
  artifactKey: Guid(e6740c9f7a7baa14295478a4b5643c75) Importer(815301076,1909f56bfc062723c751e8b465ee728b)
Start importing Assets/SimplePixelUI/artwork/gray/rounded/Slot3D_rounded_GB.png using Guid(e6740c9f7a7baa14295478a4b5643c75) Importer(815301076,1909f56bfc062723c751e8b465ee728b)  -> (artifact id: '8d320bb4584209b1bb1b7feb407abc29') in 0.009867 seconds 
  Import took 0.012024 seconds .

========================================================================
Received Import Request.
  Time since last request: 0.031105 seconds.
  path: Assets/SimplePixelUI/artwork/gray/square/slot.png
  artifactKey: Guid(ab1037114fbed5141883fe36c5c1055d) Importer(815301076,1909f56bfc062723c751e8b465ee728b)
Start importing Assets/SimplePixelUI/artwork/gray/square/slot.png using Guid(ab1037114fbed5141883fe36c5c1055d) Importer(815301076,1909f56bfc062723c751e8b465ee728b)  -> (artifact id: '07102b9dd1d9602689c0451e32a4d71c') in 0.009245 seconds 
  Import took 0.011704 seconds .

========================================================================
Received Import Request.
  Time since last request: 0.000168 seconds.
  path: Assets/SimplePixelUI/artwork/halfcustomizible/square/Slot3D.png
  artifactKey: Guid(765c1f075652d7c429d7ea036691f745) Importer(815301076,1909f56bfc062723c751e8b465ee728b)
Start importing Assets/SimplePixelUI/artwork/halfcustomizible/square/Slot3D.png using Guid(765c1f075652d7c429d7ea036691f745) Importer(815301076,1909f56bfc062723c751e8b465ee728b)  -> (artifact id: 'dbb9e9cd4f5d9e40fdc74797ab4b9839') in 0.010188 seconds 
  Import took 0.012378 seconds .

========================================================================
Received Import Request.
  Time since last request: 0.000148 seconds.
  path: Assets/SimplePixelUI/artwork/colorCustomizible/square/slot3D.png
  artifactKey: Guid(e48b869e1b13ad54295d3d9efb9e78bf) Importer(815301076,1909f56bfc062723c751e8b465ee728b)
Start importing Assets/SimplePixelUI/artwork/colorCustomizible/square/slot3D.png using Guid(e48b869e1b13ad54295d3d9efb9e78bf) Importer(815301076,1909f56bfc062723c751e8b465ee728b)  -> (artifact id: 'c328a154710c29abec3bd6796b5a1374') in 0.007953 seconds 
  Import took 0.010061 seconds .

========================================================================
Received Import Request.
  Time since last request: 298.897669 seconds.
  path: Assets/Scripts
  artifactKey: Guid(b63d29d20e6d9854f9474dd3b6f4fc66) Importer(815301076,1909f56bfc062723c751e8b465ee728b)
Start importing Assets/Scripts using Guid(b63d29d20e6d9854f9474dd3b6f4fc66) Importer(815301076,1909f56bfc062723c751e8b465ee728b)  -> (artifact id: '8880826d202b7d909bbfface0f59f8e1') in 0.005667 seconds 
  Import took 0.008042 seconds .

========================================================================
Received Import Request.
  Time since last request: 11.623280 seconds.
  path: Assets/Scripts/Menu.cs
  artifactKey: Guid(15903ac2e76b3924eaacd27d787c1ac2) Importer(815301076,1909f56bfc062723c751e8b465ee728b)
Start importing Assets/Scripts/Menu.cs using Guid(15903ac2e76b3924eaacd27d787c1ac2) Importer(815301076,1909f56bfc062723c751e8b465ee728b)  -> (artifact id: 'c8d959040c9df2cf063f10a33d2c020a') in 0.008136 seconds 
  Import took 0.010602 seconds .

========================================================================
Received Prepare
Registering precompiled user dll's ...
Registered in 0.003126 seconds.
Begin MonoManager ReloadAssembly
Native extension for WindowsStandalone target not found
Refreshing native plugins compatible for Editor in 0.47 ms, found 2 plugins.
Preloading 0 native plugins for Editor in 0.00 ms.
Mono: successfully reloaded assembly
- Completed reload, in  0.771 seconds
Domain Reload Profiling:
	ReloadAssembly (771ms)
		BeginReloadAssembly (92ms)
			ExecutionOrderSort (0ms)
			DisableScriptedObjects (3ms)
			BackupInstance (0ms)
			ReleaseScriptingObjects (0ms)
			CreateAndSetChildDomain (28ms)
		EndReloadAssembly (626ms)
			LoadAssemblies (72ms)
			RebuildTransferFunctionScriptingTraits (0ms)
			SetupTypeCache (222ms)
			ReleaseScriptCaches (1ms)
			RebuildScriptCaches (33ms)
			SetupLoadedEditorAssemblies (224ms)
				LogAssemblyErrors (0ms)
				InitializePlatformSupportModulesInManaged (4ms)
				SetLoadedEditorAssemblies (0ms)
				RefreshPlugins (1ms)
				BeforeProcessingInitializeOnLoad (59ms)
				ProcessInitializeOnLoadAttributes (148ms)
				ProcessInitializeOnLoadMethodAttributes (7ms)
				AfterProcessingInitializeOnLoad (6ms)
				EditorAssembliesLoaded (0ms)
			ExecutionOrderSort2 (0ms)
			AwakeInstancesAfterBackupRestoration (5ms)
Platform modules already initialized, skipping
Refreshing native plugins compatible for Editor in 0.47 ms, found 2 plugins.
Preloading 0 native plugins for Editor in 0.00 ms.
Unloading 1587 Unused Serialized files (Serialized files now loaded: 0)
System memory in use before: 76.9 MB.
System memory in use after: 77.0 MB.

Unloading 27 unused Assets to reduce memory usage. Loaded Objects now: 2095.
Total: 2.532800 ms (FindLiveObjects: 0.150100 ms CreateObjectMapping: 0.042100 ms MarkObjects: 2.325400 ms  DeleteObjects: 0.014300 ms)

AssetImportParameters requested are different than current active one (requested -> active):
  custom:framework-win-MediaFoundation: 216162199b28c13a410421893ffa2e32 -> 
  custom:video-decoder-ogg-theora: a1e56fd34408186e4bbccfd4996cb3dc -> 
  custom:container-muxer-webm: aa71ff27fc2769a1b78a27578f13a17b -> 
  custom:container-demuxer-webm: 4f35f7cbe854078d1ac9338744f61a02 -> 
  custom:container-demuxer-ogg: 62fdf1f143b41e24485cea50d1cbac27 -> 
  custom:video-encoder-webm-vp8: eb34c28f22e8b96e1ab97ce403110664 -> 
  custom:video-decoder-webm-vp8: 9c59270c3fd7afecdb556c50c9e8de78 -> 
  custom:audio-decoder-ogg-vorbis: bf7c407c2cedff20999df2af8eb42d56 -> 
  custom:audio-encoder-webm-vorbis: bf7c407c2cedff20999df2af8eb42d56 -> 
========================================================================
Received Prepare
Registering precompiled user dll's ...
Registered in 0.003353 seconds.
Begin MonoManager ReloadAssembly
Native extension for WindowsStandalone target not found
Refreshing native plugins compatible for Editor in 0.52 ms, found 2 plugins.
Preloading 0 native plugins for Editor in 0.00 ms.
Mono: successfully reloaded assembly
- Completed reload, in  0.756 seconds
Domain Reload Profiling:
	ReloadAssembly (757ms)
		BeginReloadAssembly (85ms)
			ExecutionOrderSort (0ms)
			DisableScriptedObjects (4ms)
			BackupInstance (0ms)
			ReleaseScriptingObjects (0ms)
			CreateAndSetChildDomain (27ms)
		EndReloadAssembly (618ms)
			LoadAssemblies (70ms)
			RebuildTransferFunctionScriptingTraits (0ms)
			SetupTypeCache (220ms)
			ReleaseScriptCaches (1ms)
			RebuildScriptCaches (31ms)
			SetupLoadedEditorAssemblies (219ms)
				LogAssemblyErrors (0ms)
				InitializePlatformSupportModulesInManaged (4ms)
				SetLoadedEditorAssemblies (0ms)
				RefreshPlugins (1ms)
				BeforeProcessingInitializeOnLoad (58ms)
				ProcessInitializeOnLoadAttributes (144ms)
				ProcessInitializeOnLoadMethodAttributes (7ms)
				AfterProcessingInitializeOnLoad (6ms)
				EditorAssembliesLoaded (0ms)
			ExecutionOrderSort2 (0ms)
			AwakeInstancesAfterBackupRestoration (6ms)
Platform modules already initialized, skipping
Refreshing native plugins compatible for Editor in 0.45 ms, found 2 plugins.
Preloading 0 native plugins for Editor in 0.00 ms.
Unloading 1587 Unused Serialized files (Serialized files now loaded: 0)
System memory in use before: 76.9 MB.
System memory in use after: 77.0 MB.

Unloading 27 unused Assets to reduce memory usage. Loaded Objects now: 2097.
Total: 2.386300 ms (FindLiveObjects: 0.137400 ms CreateObjectMapping: 0.035000 ms MarkObjects: 2.198500 ms  DeleteObjects: 0.014500 ms)

AssetImportParameters requested are different than current active one (requested -> active):
  custom:framework-win-MediaFoundation: 216162199b28c13a410421893ffa2e32 -> 
  custom:video-decoder-ogg-theora: a1e56fd34408186e4bbccfd4996cb3dc -> 
  custom:container-muxer-webm: aa71ff27fc2769a1b78a27578f13a17b -> 
  custom:container-demuxer-webm: 4f35f7cbe854078d1ac9338744f61a02 -> 
  custom:container-demuxer-ogg: 62fdf1f143b41e24485cea50d1cbac27 -> 
  custom:video-encoder-webm-vp8: eb34c28f22e8b96e1ab97ce403110664 -> 
  custom:video-decoder-webm-vp8: 9c59270c3fd7afecdb556c50c9e8de78 -> 
  custom:audio-decoder-ogg-vorbis: bf7c407c2cedff20999df2af8eb42d56 -> 
  custom:audio-encoder-webm-vorbis: bf7c407c2cedff20999df2af8eb42d56 -> 
========================================================================
Received Import Request.
  Time since last request: 1103.068181 seconds.
  path: Assets/Scripts/Menu.cs
  artifactKey: Guid(15903ac2e76b3924eaacd27d787c1ac2) Importer(815301076,1909f56bfc062723c751e8b465ee728b)
Start importing Assets/Scripts/Menu.cs using Guid(15903ac2e76b3924eaacd27d787c1ac2) Importer(815301076,1909f56bfc062723c751e8b465ee728b)  -> (artifact id: '2ed2d9d33b780c95793fccdb21711735') in 0.006721 seconds 
  Import took 0.008941 seconds .

========================================================================
Received Prepare
Registering precompiled user dll's ...
Registered in 0.003202 seconds.
Begin MonoManager ReloadAssembly
Native extension for WindowsStandalone target not found
Refreshing native plugins compatible for Editor in 0.48 ms, found 2 plugins.
Preloading 0 native plugins for Editor in 0.00 ms.
Mono: successfully reloaded assembly
- Completed reload, in  0.767 seconds
Domain Reload Profiling:
	ReloadAssembly (767ms)
		BeginReloadAssembly (89ms)
			ExecutionOrderSort (0ms)
			DisableScriptedObjects (4ms)
			BackupInstance (0ms)
			ReleaseScriptingObjects (0ms)
			CreateAndSetChildDomain (27ms)
		EndReloadAssembly (621ms)
			LoadAssemblies (71ms)
			RebuildTransferFunctionScriptingTraits (0ms)
			SetupTypeCache (224ms)
			ReleaseScriptCaches (1ms)
			RebuildScriptCaches (31ms)
			SetupLoadedEditorAssemblies (220ms)
				LogAssemblyErrors (0ms)
				InitializePlatformSupportModulesInManaged (4ms)
				SetLoadedEditorAssemblies (0ms)
				RefreshPlugins (1ms)
				BeforeProcessingInitializeOnLoad (59ms)
				ProcessInitializeOnLoadAttributes (144ms)
				ProcessInitializeOnLoadMethodAttributes (6ms)
				AfterProcessingInitializeOnLoad (5ms)
				EditorAssembliesLoaded (0ms)
			ExecutionOrderSort2 (0ms)
			AwakeInstancesAfterBackupRestoration (5ms)
Platform modules already initialized, skipping
Refreshing native plugins compatible for Editor in 0.50 ms, found 2 plugins.
Preloading 0 native plugins for Editor in 0.00 ms.
Unloading 1587 Unused Serialized files (Serialized files now loaded: 0)
System memory in use before: 76.9 MB.
System memory in use after: 77.0 MB.

Unloading 27 unused Assets to reduce memory usage. Loaded Objects now: 2099.
Total: 2.567100 ms (FindLiveObjects: 0.162000 ms CreateObjectMapping: 0.044600 ms MarkObjects: 2.343300 ms  DeleteObjects: 0.016200 ms)

AssetImportParameters requested are different than current active one (requested -> active):
  custom:framework-win-MediaFoundation: 216162199b28c13a410421893ffa2e32 -> 
  custom:video-decoder-ogg-theora: a1e56fd34408186e4bbccfd4996cb3dc -> 
  custom:container-muxer-webm: aa71ff27fc2769a1b78a27578f13a17b -> 
  custom:container-demuxer-webm: 4f35f7cbe854078d1ac9338744f61a02 -> 
  custom:container-demuxer-ogg: 62fdf1f143b41e24485cea50d1cbac27 -> 
  custom:video-encoder-webm-vp8: eb34c28f22e8b96e1ab97ce403110664 -> 
  custom:video-decoder-webm-vp8: 9c59270c3fd7afecdb556c50c9e8de78 -> 
  custom:audio-decoder-ogg-vorbis: bf7c407c2cedff20999df2af8eb42d56 -> 
  custom:audio-encoder-webm-vorbis: bf7c407c2cedff20999df2af8eb42d56 -> 
========================================================================
Received Prepare
Registering precompiled user dll's ...
Registered in 0.003125 seconds.
Begin MonoManager ReloadAssembly
Native extension for WindowsStandalone target not found
Refreshing native plugins compatible for Editor in 0.47 ms, found 2 plugins.
Preloading 0 native plugins for Editor in 0.00 ms.
Mono: successfully reloaded assembly
- Completed reload, in  0.767 seconds
Domain Reload Profiling:
	ReloadAssembly (767ms)
		BeginReloadAssembly (89ms)
			ExecutionOrderSort (0ms)
			DisableScriptedObjects (3ms)
			BackupInstance (0ms)
			ReleaseScriptingObjects (0ms)
			CreateAndSetChildDomain (25ms)
		EndReloadAssembly (625ms)
			LoadAssemblies (69ms)
			RebuildTransferFunctionScriptingTraits (0ms)
			SetupTypeCache (223ms)
			ReleaseScriptCaches (1ms)
			RebuildScriptCaches (31ms)
			SetupLoadedEditorAssemblies (221ms)
				LogAssemblyErrors (0ms)
				InitializePlatformSupportModulesInManaged (4ms)
				SetLoadedEditorAssemblies (0ms)
				RefreshPlugins (1ms)
				BeforeProcessingInitializeOnLoad (60ms)
				ProcessInitializeOnLoadAttributes (144ms)
				ProcessInitializeOnLoadMethodAttributes (7ms)
				AfterProcessingInitializeOnLoad (6ms)
				EditorAssembliesLoaded (0ms)
			ExecutionOrderSort2 (0ms)
			AwakeInstancesAfterBackupRestoration (5ms)
Platform modules already initialized, skipping
Refreshing native plugins compatible for Editor in 0.42 ms, found 2 plugins.
Preloading 0 native plugins for Editor in 0.00 ms.
Unloading 1587 Unused Serialized files (Serialized files now loaded: 0)
System memory in use before: 76.9 MB.
System memory in use after: 77.0 MB.

Unloading 27 unused Assets to reduce memory usage. Loaded Objects now: 2101.
Total: 2.577500 ms (FindLiveObjects: 0.158000 ms CreateObjectMapping: 0.042000 ms MarkObjects: 2.362600 ms  DeleteObjects: 0.014200 ms)

AssetImportParameters requested are different than current active one (requested -> active):
  custom:framework-win-MediaFoundation: 216162199b28c13a410421893ffa2e32 -> 
  custom:video-decoder-ogg-theora: a1e56fd34408186e4bbccfd4996cb3dc -> 
  custom:container-muxer-webm: aa71ff27fc2769a1b78a27578f13a17b -> 
  custom:container-demuxer-webm: 4f35f7cbe854078d1ac9338744f61a02 -> 
  custom:container-demuxer-ogg: 62fdf1f143b41e24485cea50d1cbac27 -> 
  custom:video-encoder-webm-vp8: eb34c28f22e8b96e1ab97ce403110664 -> 
  custom:video-decoder-webm-vp8: 9c59270c3fd7afecdb556c50c9e8de78 -> 
  custom:audio-decoder-ogg-vorbis: bf7c407c2cedff20999df2af8eb42d56 -> 
  custom:audio-encoder-webm-vorbis: bf7c407c2cedff20999df2af8eb42d56 -> 
========================================================================
Received Prepare
Registering precompiled user dll's ...
Registered in 0.003170 seconds.
Begin MonoManager ReloadAssembly
Native extension for WindowsStandalone target not found
Refreshing native plugins compatible for Editor in 0.49 ms, found 2 plugins.
Preloading 0 native plugins for Editor in 0.00 ms.
Mono: successfully reloaded assembly
- Completed reload, in  0.787 seconds
Domain Reload Profiling:
	ReloadAssembly (787ms)
		BeginReloadAssembly (99ms)
			ExecutionOrderSort (0ms)
			DisableScriptedObjects (3ms)
			BackupInstance (0ms)
			ReleaseScriptingObjects (0ms)
			CreateAndSetChildDomain (27ms)
		EndReloadAssembly (634ms)
			LoadAssemblies (73ms)
			RebuildTransferFunctionScriptingTraits (0ms)
			SetupTypeCache (223ms)
			ReleaseScriptCaches (1ms)
			RebuildScriptCaches (32ms)
			SetupLoadedEditorAssemblies (228ms)
				LogAssemblyErrors (0ms)
				InitializePlatformSupportModulesInManaged (4ms)
				SetLoadedEditorAssemblies (0ms)
				RefreshPlugins (1ms)
				BeforeProcessingInitializeOnLoad (62ms)
				ProcessInitializeOnLoadAttributes (149ms)
				ProcessInitializeOnLoadMethodAttributes (7ms)
				AfterProcessingInitializeOnLoad (6ms)
				EditorAssembliesLoaded (0ms)
			ExecutionOrderSort2 (0ms)
			AwakeInstancesAfterBackupRestoration (5ms)
Platform modules already initialized, skipping
Refreshing native plugins compatible for Editor in 0.48 ms, found 2 plugins.
Preloading 0 native plugins for Editor in 0.00 ms.
Unloading 1587 Unused Serialized files (Serialized files now loaded: 0)
System memory in use before: 76.9 MB.
System memory in use after: 77.0 MB.

Unloading 27 unused Assets to reduce memory usage. Loaded Objects now: 2103.
Total: 2.483400 ms (FindLiveObjects: 0.160300 ms CreateObjectMapping: 0.038200 ms MarkObjects: 2.268000 ms  DeleteObjects: 0.015800 ms)

AssetImportParameters requested are different than current active one (requested -> active):
  custom:framework-win-MediaFoundation: 216162199b28c13a410421893ffa2e32 -> 
  custom:video-decoder-ogg-theora: a1e56fd34408186e4bbccfd4996cb3dc -> 
  custom:container-muxer-webm: aa71ff27fc2769a1b78a27578f13a17b -> 
  custom:container-demuxer-webm: 4f35f7cbe854078d1ac9338744f61a02 -> 
  custom:container-demuxer-ogg: 62fdf1f143b41e24485cea50d1cbac27 -> 
  custom:video-encoder-webm-vp8: eb34c28f22e8b96e1ab97ce403110664 -> 
  custom:video-decoder-webm-vp8: 9c59270c3fd7afecdb556c50c9e8de78 -> 
  custom:audio-decoder-ogg-vorbis: bf7c407c2cedff20999df2af8eb42d56 -> 
  custom:audio-encoder-webm-vorbis: bf7c407c2cedff20999df2af8eb42d56 -> 
========================================================================
Received Prepare
Registering precompiled user dll's ...
Registered in 0.003253 seconds.
Begin MonoManager ReloadAssembly
Native extension for WindowsStandalone target not found
Refreshing native plugins compatible for Editor in 0.47 ms, found 2 plugins.
Preloading 0 native plugins for Editor in 0.00 ms.
Mono: successfully reloaded assembly
- Completed reload, in  0.757 seconds
Domain Reload Profiling:
	ReloadAssembly (758ms)
		BeginReloadAssembly (82ms)
			ExecutionOrderSort (0ms)
			DisableScriptedObjects (3ms)
			BackupInstance (0ms)
			ReleaseScriptingObjects (0ms)
			CreateAndSetChildDomain (24ms)
		EndReloadAssembly (622ms)
			LoadAssemblies (70ms)
			RebuildTransferFunctionScriptingTraits (0ms)
			SetupTypeCache (220ms)
			ReleaseScriptCaches (1ms)
			RebuildScriptCaches (32ms)
			SetupLoadedEditorAssemblies (222ms)
				LogAssemblyErrors (0ms)
				InitializePlatformSupportModulesInManaged (4ms)
				SetLoadedEditorAssemblies (0ms)
				RefreshPlugins (1ms)
				BeforeProcessingInitializeOnLoad (59ms)
				ProcessInitializeOnLoadAttributes (146ms)
				ProcessInitializeOnLoadMethodAttributes (7ms)
				AfterProcessingInitializeOnLoad (6ms)
				EditorAssembliesLoaded (0ms)
			ExecutionOrderSort2 (0ms)
			AwakeInstancesAfterBackupRestoration (5ms)
Platform modules already initialized, skipping
Refreshing native plugins compatible for Editor in 0.47 ms, found 2 plugins.
Preloading 0 native plugins for Editor in 0.00 ms.
Unloading 1587 Unused Serialized files (Serialized files now loaded: 0)
System memory in use before: 76.9 MB.
System memory in use after: 77.0 MB.

Unloading 27 unused Assets to reduce memory usage. Loaded Objects now: 2105.
Total: 2.443500 ms (FindLiveObjects: 0.140700 ms CreateObjectMapping: 0.035900 ms MarkObjects: 2.252200 ms  DeleteObjects: 0.013900 ms)

AssetImportParameters requested are different than current active one (requested -> active):
  custom:framework-win-MediaFoundation: 216162199b28c13a410421893ffa2e32 -> 
  custom:video-decoder-ogg-theora: a1e56fd34408186e4bbccfd4996cb3dc -> 
  custom:container-muxer-webm: aa71ff27fc2769a1b78a27578f13a17b -> 
  custom:container-demuxer-webm: 4f35f7cbe854078d1ac9338744f61a02 -> 
  custom:container-demuxer-ogg: 62fdf1f143b41e24485cea50d1cbac27 -> 
  custom:video-encoder-webm-vp8: eb34c28f22e8b96e1ab97ce403110664 -> 
  custom:video-decoder-webm-vp8: 9c59270c3fd7afecdb556c50c9e8de78 -> 
  custom:audio-decoder-ogg-vorbis: bf7c407c2cedff20999df2af8eb42d56 -> 
  custom:audio-encoder-webm-vorbis: bf7c407c2cedff20999df2af8eb42d56 -> 
========================================================================
Received Import Request.
  Time since last request: 182.242414 seconds.
  path: Assets/Scenes/Main Menu.unity
  artifactKey: Guid(a641aff7108f74d46a6e83725f367943) Importer(815301076,1909f56bfc062723c751e8b465ee728b)
Start importing Assets/Scenes/Main Menu.unity using Guid(a641aff7108f74d46a6e83725f367943) Importer(815301076,1909f56bfc062723c751e8b465ee728b)  -> (artifact id: 'a4cc840082a2ab0051729a428050b46b') in 0.011952 seconds 
  Import took 0.014379 seconds .

========================================================================
Received Prepare
Registering precompiled user dll's ...
Registered in 0.003198 seconds.
Begin MonoManager ReloadAssembly
Native extension for WindowsStandalone target not found
Refreshing native plugins compatible for Editor in 0.50 ms, found 2 plugins.
Preloading 0 native plugins for Editor in 0.00 ms.
Mono: successfully reloaded assembly
- Completed reload, in  0.767 seconds
Domain Reload Profiling:
	ReloadAssembly (767ms)
		BeginReloadAssembly (89ms)
			ExecutionOrderSort (0ms)
			DisableScriptedObjects (4ms)
			BackupInstance (0ms)
			ReleaseScriptingObjects (0ms)
			CreateAndSetChildDomain (25ms)
		EndReloadAssembly (623ms)
			LoadAssemblies (71ms)
			RebuildTransferFunctionScriptingTraits (0ms)
			SetupTypeCache (219ms)
			ReleaseScriptCaches (1ms)
			RebuildScriptCaches (31ms)
			SetupLoadedEditorAssemblies (222ms)
				LogAssemblyErrors (0ms)
				InitializePlatformSupportModulesInManaged (4ms)
				SetLoadedEditorAssemblies (0ms)
				RefreshPlugins (1ms)
				BeforeProcessingInitializeOnLoad (60ms)
				ProcessInitializeOnLoadAttributes (145ms)
				ProcessInitializeOnLoadMethodAttributes (7ms)
				AfterProcessingInitializeOnLoad (6ms)
				EditorAssembliesLoaded (0ms)
			ExecutionOrderSort2 (0ms)
			AwakeInstancesAfterBackupRestoration (5ms)
Platform modules already initialized, skipping
Refreshing native plugins compatible for Editor in 0.47 ms, found 2 plugins.
Preloading 0 native plugins for Editor in 0.00 ms.
Unloading 1587 Unused Serialized files (Serialized files now loaded: 0)
System memory in use before: 76.9 MB.
System memory in use after: 77.0 MB.

Unloading 27 unused Assets to reduce memory usage. Loaded Objects now: 2107.
Total: 2.447400 ms (FindLiveObjects: 0.141500 ms CreateObjectMapping: 0.037400 ms MarkObjects: 2.252800 ms  DeleteObjects: 0.014700 ms)

AssetImportParameters requested are different than current active one (requested -> active):
  custom:framework-win-MediaFoundation: 216162199b28c13a410421893ffa2e32 -> 
  custom:video-decoder-ogg-theora: a1e56fd34408186e4bbccfd4996cb3dc -> 
  custom:container-muxer-webm: aa71ff27fc2769a1b78a27578f13a17b -> 
  custom:container-demuxer-webm: 4f35f7cbe854078d1ac9338744f61a02 -> 
  custom:container-demuxer-ogg: 62fdf1f143b41e24485cea50d1cbac27 -> 
  custom:video-encoder-webm-vp8: eb34c28f22e8b96e1ab97ce403110664 -> 
  custom:video-decoder-webm-vp8: 9c59270c3fd7afecdb556c50c9e8de78 -> 
  custom:audio-decoder-ogg-vorbis: bf7c407c2cedff20999df2af8eb42d56 -> 
  custom:audio-encoder-webm-vorbis: bf7c407c2cedff20999df2af8eb42d56 -> 
========================================================================
Received Import Request.
  Time since last request: 76.539667 seconds.
  path: Assets/SimplePixelUI/artwork/colorCustomizible/square/background.png
  artifactKey: Guid(e4b7033fca3bc0e4192a1b77d73431d7) Importer(815301076,1909f56bfc062723c751e8b465ee728b)
Start importing Assets/SimplePixelUI/artwork/colorCustomizible/square/background.png using Guid(e4b7033fca3bc0e4192a1b77d73431d7) Importer(815301076,1909f56bfc062723c751e8b465ee728b)  -> (artifact id: '69438499c9ec10ef7a139e3d3f4b5b53') in 0.046703 seconds 
  Import took 0.049247 seconds .

========================================================================
Received Import Request.
  Time since last request: 0.000180 seconds.
  path: Assets/SimplePixelUI/artwork/colorCustomizible/square/slot.png
  artifactKey: Guid(4a7e5d2419d92754da4c0f6996f2e419) Importer(815301076,1909f56bfc062723c751e8b465ee728b)
Start importing Assets/SimplePixelUI/artwork/colorCustomizible/square/slot.png using Guid(4a7e5d2419d92754da4c0f6996f2e419) Importer(815301076,1909f56bfc062723c751e8b465ee728b)  -> (artifact id: 'ab0d4f67415785da141e13cd2656f44f') in 0.010294 seconds 
  Import took 0.012454 seconds .

========================================================================
Received Import Request.
  Time since last request: 0.000180 seconds.
  path: Assets/SimplePixelUI/artwork/colorCustomizible/square/health_Bar_Vertical.png
  artifactKey: Guid(2a5bbba961e88c446baa1abd22683e28) Importer(815301076,1909f56bfc062723c751e8b465ee728b)
Start importing Assets/SimplePixelUI/artwork/colorCustomizible/square/health_Bar_Vertical.png using Guid(2a5bbba961e88c446baa1abd22683e28) Importer(815301076,1909f56bfc062723c751e8b465ee728b)  -> (artifact id: '642edb4602fd8b5533456eb2cec5fd53') in 0.010540 seconds 
  Import took 0.012729 seconds .

========================================================================
Received Import Request.
  Time since last request: 0.000147 seconds.
  path: Assets/SimplePixelUI/artwork/colorCustomizible/square/border.png
  artifactKey: Guid(89c89d31cbb023d4a87840ff06fe110e) Importer(815301076,1909f56bfc062723c751e8b465ee728b)
Start importing Assets/SimplePixelUI/artwork/colorCustomizible/square/border.png using Guid(89c89d31cbb023d4a87840ff06fe110e) Importer(815301076,1909f56bfc062723c751e8b465ee728b)  -> (artifact id: 'e1f0589e5541e3da9a4364885405efa3') in 0.010699 seconds 
  Import took 0.012903 seconds .

========================================================================
Received Import Request.
  Time since last request: 0.000157 seconds.
  path: Assets/SimplePixelUI/artwork/colorCustomizible/square/health_bar.png
  artifactKey: Guid(82306ec1555e74d41b5fc97d5e09f8e2) Importer(815301076,1909f56bfc062723c751e8b465ee728b)
Start importing Assets/SimplePixelUI/artwork/colorCustomizible/square/health_bar.png using Guid(82306ec1555e74d41b5fc97d5e09f8e2) Importer(815301076,1909f56bfc062723c751e8b465ee728b)  -> (artifact id: '7eb117f97e0fb2e53cb980a1fc6d5e11') in 0.011084 seconds 
  Import took 0.013456 seconds .

========================================================================
Received Prepare
Registering precompiled user dll's ...
Registered in 0.003911 seconds.
Begin MonoManager ReloadAssembly
Native extension for WindowsStandalone target not found
Refreshing native plugins compatible for Editor in 0.49 ms, found 2 plugins.
Preloading 0 native plugins for Editor in 0.00 ms.
Mono: successfully reloaded assembly
- Completed reload, in  0.766 seconds
Domain Reload Profiling:
	ReloadAssembly (766ms)
		BeginReloadAssembly (88ms)
			ExecutionOrderSort (0ms)
			DisableScriptedObjects (4ms)
			BackupInstance (0ms)
			ReleaseScriptingObjects (0ms)
			CreateAndSetChildDomain (25ms)
		EndReloadAssembly (625ms)
			LoadAssemblies (71ms)
			RebuildTransferFunctionScriptingTraits (0ms)
			SetupTypeCache (219ms)
			ReleaseScriptCaches (1ms)
			RebuildScriptCaches (31ms)
			SetupLoadedEditorAssemblies (225ms)
				LogAssemblyErrors (0ms)
				InitializePlatformSupportModulesInManaged (4ms)
				SetLoadedEditorAssemblies (0ms)
				RefreshPlugins (1ms)
				BeforeProcessingInitializeOnLoad (60ms)
				ProcessInitializeOnLoadAttributes (147ms)
				ProcessInitializeOnLoadMethodAttributes (7ms)
				AfterProcessingInitializeOnLoad (6ms)
				EditorAssembliesLoaded (0ms)
			ExecutionOrderSort2 (0ms)
			AwakeInstancesAfterBackupRestoration (5ms)
Platform modules already initialized, skipping
Refreshing native plugins compatible for Editor in 0.46 ms, found 2 plugins.
Preloading 0 native plugins for Editor in 0.00 ms.
Unloading 1587 Unused Serialized files (Serialized files now loaded: 0)
System memory in use before: 77.0 MB.
System memory in use after: 77.1 MB.

Unloading 27 unused Assets to reduce memory usage. Loaded Objects now: 2114.
Total: 2.520100 ms (FindLiveObjects: 0.142300 ms CreateObjectMapping: 0.036900 ms MarkObjects: 2.326000 ms  DeleteObjects: 0.014100 ms)

AssetImportParameters requested are different than current active one (requested -> active):
  custom:framework-win-MediaFoundation: 216162199b28c13a410421893ffa2e32 -> 
  custom:video-decoder-ogg-theora: a1e56fd34408186e4bbccfd4996cb3dc -> 
  custom:container-muxer-webm: aa71ff27fc2769a1b78a27578f13a17b -> 
  custom:container-demuxer-webm: 4f35f7cbe854078d1ac9338744f61a02 -> 
  custom:container-demuxer-ogg: 62fdf1f143b41e24485cea50d1cbac27 -> 
  custom:video-encoder-webm-vp8: eb34c28f22e8b96e1ab97ce403110664 -> 
  custom:video-decoder-webm-vp8: 9c59270c3fd7afecdb556c50c9e8de78 -> 
  custom:audio-decoder-ogg-vorbis: bf7c407c2cedff20999df2af8eb42d56 -> 
  custom:audio-encoder-webm-vorbis: bf7c407c2cedff20999df2af8eb42d56 -> 
